<?xml version="1.0" encoding="utf-8"?><testsuites name="pytest tests"><testsuite name="pytest" errors="0" failures="1" skipped="0" tests="13" time="4.251" timestamp="2026-01-15T18:32:01.034972+00:00" hostname="agent-env-d215ad7b-3a24-4f38-a43b-b194a8c5dc0e"><testcase classname="tests.test_nifty_live_data.TestMarketDataLiveOnly" name="test_spot_price_returns_live_data" time="0.459" /><testcase classname="tests.test_nifty_live_data.TestMarketDataLiveOnly" name="test_spot_history_returns_live_history" time="0.044" /><testcase classname="tests.test_nifty_live_data.TestMarketDataLiveOnly" name="test_options_chain_returns_live_or_empty" time="0.402" /><testcase classname="tests.test_nifty_live_data.TestAuthStatus" name="test_auth_status_endpoint" time="0.038" /><testcase classname="tests.test_nifty_live_data.TestSessionManagement" name="test_create_session" time="0.040" /><testcase classname="tests.test_nifty_live_data.TestSessionManagement" name="test_get_session" time="0.074" /><testcase classname="tests.test_nifty_live_data.TestSessionManagement" name="test_update_config" time="0.080" /><testcase classname="tests.test_nifty_live_data.TestStrategyStartWithLiveData" name="test_strategy_start_requires_live_data" time="1.717"><failure message="Failed: Unexpected status code: 520">tests/test_nifty_live_data.py:191: in test_strategy_start_requires_live_data
    pytest.fail(f"Unexpected status code: {response.status_code}")
E   Failed: Unexpected status code: 520</failure></testcase><testcase classname="tests.test_nifty_live_data.TestNoSimulatedDataText" name="test_spot_response_no_simulated_text" time="0.379" /><testcase classname="tests.test_nifty_live_data.TestNoSimulatedDataText" name="test_history_response_no_simulated_text" time="0.036" /><testcase classname="tests.test_nifty_live_data.TestStrategyState" name="test_strategy_state_includes_connection_status" time="0.401" /><testcase classname="tests.test_nifty_live_data.TestPositionsWithLiveData" name="test_positions_include_connection_status" time="0.448" /><testcase classname="tests.test_nifty_live_data.TestRootEndpoint" name="test_root_endpoint" time="0.042" /></testsuite></testsuites>